<?xml version="1.0" encoding="UTF-8"?>
<beans xmlns="http://www.springframework.org/schema/beans"
	xmlns:xsi="http://www.w3.org/2001/XMLSchema-instance"
	xsi:schemaLocation="
    http://www.springframework.org/schema/beans 
    http://www.springframework.org/schema/beans/spring-beans-3.0.xsd
    http://www.springframework.org/schema/context 
    http://www.springframework.org/schema/context/spring-context-3.0.xsd
    http://www.springframework.org/schema/jdbc 
    http://www.springframework.org/schema/jdbc/spring-jdbc-3.0.xsd
    http://www.springframework.org/schema/tx 
    http://www.springframework.org/schema/tx/spring-tx-3.0.xsd"
	xmlns:context="http://www.springframework.org/schema/context" 
	xmlns:tx="http://www.springframework.org/schema/tx">

  <!-- regular spring configuration file defining the beans for this
       bundle. The configuration of OSGi definitions is kept in a separate 
       configuration file so that this file can easily be used
       for integration testing outside of an OSGi environment -->

	<context:component-scan base-package="org.societies.context.community.db" />
	
	<bean id="CommunityCtxDBConfig"
		class="org.springframework.beans.factory.config.PropertyPlaceholderConfigurer">
		<property name="ignoreResourceNotFound" value="true"></property>
		<property name="locations">
			<list>
				<value>classpath:META-INF/spring/derby.properties</value>
				<!-- <value>classpath:META-INF/spring/mysql.properties</value>	 -->
			</list>
		</property>	
	</bean>
	
	<bean id="sessionFactory"
		class="org.springframework.orm.hibernate3.annotation.AnnotationSessionFactoryBean">
		<property name="dataSource" ref="dataSource" />

		<property name="annotatedClasses">
			<list>
				<value>org.societies.context.community.db.impl.model.CommunityCtxModelObjectNumberDAO</value>
				<value>org.societies.context.community.db.impl.model.CtxModelObjectDAO</value>
				<value>org.societies.context.community.db.impl.model.CommunityCtxEntityDAO</value>
				<value>org.societies.context.community.db.impl.model.CommunityCtxEntityBaseDAO</value>
				<value>org.societies.context.community.db.impl.model.CommunityCtxAttributeDAO</value>
				<value>org.societies.context.community.db.impl.model.CommunityCtxAssociationDAO</value>
				<value>org.societies.context.community.db.impl.model.CommunityCtxQualityDAO</value>
			</list>
		</property>
		
		<property name="annotatedPackages">
			<list>
				<value>org.societies.context.community.db.impl.model</value>
			</list>
		</property>

		<property name="hibernateProperties">
			<props>
				<prop key="hibernate.hbm2ddl.auto">${hbm2ddl.auto}</prop>
				<prop key="hibernate.show_ddl">true</prop>
				<prop key="hibernate.show_sql">${show_sql}</prop>
				<prop key="hibernate.format_sql">${format_sql}</prop>
				<prop key="hibernate.cache.use_second_level_cache">${cache.use_second_level_cache}</prop>
			</props>
		</property>
	</bean>

	<!-- enable the configuration of transactional behavior based on annotations -->
	<tx:annotation-driven transaction-manager="transactionManager" />

	<bean id="transactionManager"
		class="org.springframework.orm.hibernate3.HibernateTransactionManager">
		<property name="sessionFactory" ref="sessionFactory" />
	</bean>
	
	<bean id="dataSource" class="org.apache.commons.dbcp.BasicDataSource"
		init-method="createDataSource" destroy-method="close">
		<property name="driverClassName" value="${jdbc.driverClassName}" />
		<property name="url" value="${jdbc.url}" />
		<property name="username" value="${jdbc.username}" />
		<property name="password" value="${jdbc.password}" />
		<property name="initialSize" value="10" />
		<property name="maxActive" value="100" />
	</bean>

    <bean id="mockCtxEventMgr" class="org.societies.context.community.db.test.util.MockitoFactoryBean">
        <constructor-arg name="classToBeMocked" value="org.societies.context.api.event.ICtxEventMgr" />
    </bean>
</beans>